La génération a démarré 06/07/2015 14:53:24.
     1>Projet "C:\Users\Thomas\Documents\Git\IA_Evolutive\LibAI\EvolutiveAI\EvolutiveAI\EvolutiveAI.vcxproj" sur le nœud 2 (Rebuild cible(s)).
     1>ClCompile:
         C:\Program Files (x86)\Microsoft Visual Studio 13.0\VC\bin\CL.exe /c /ZI /nologo /W3 /WX- /Od /Oy- /D WIN32 /D _DEBUG /D _WINDOWS /D _USRDLL /D EVOLUTIVEAI_EXPORTS /D _WINDLL /D _UNICODE /D UNICODE /Gm /EHsc /RTC1 /MDd /GS /fp:precise /Zc:wchar_t /Zc:forScope /Fo"Debug\\" /Fd"Debug\vc120.pdb" /Gd /TP /analyze- /errorReport:prompt Action.cpp ActionTree.cpp Consequence.cpp Decision.cpp monde.cpp Objectifs.cpp Objets.cpp Types.cpp
         Types.cpp
         Objets.cpp
         Objectifs.cpp
         monde.cpp
         Decision.cpp
         Consequence.cpp
         ActionTree.cpp
         Action.cpp
         Génération de code en cours...
       Link:
         C:\Program Files (x86)\Microsoft Visual Studio 13.0\VC\bin\link.exe /ERRORREPORT:PROMPT /OUT:"C:\Users\Thomas\Documents\Git\IA_Evolutive\LibAI\EvolutiveAI\Debug\EvolutiveAI.dll" /INCREMENTAL /NOLOGO kernel32.lib user32.lib gdi32.lib winspool.lib comdlg32.lib advapi32.lib shell32.lib ole32.lib oleaut32.lib uuid.lib odbc32.lib odbccp32.lib /MANIFEST /MANIFESTUAC:"level='asInvoker' uiAccess='false'" /manifest:embed /DEBUG /PDB:"C:\Users\Thomas\Documents\Git\IA_Evolutive\LibAI\EvolutiveAI\Debug\EvolutiveAI.pdb" /SUBSYSTEM:WINDOWS /TLBID:1 /DYNAMICBASE /NXCOMPAT /IMPLIB:"C:\Users\Thomas\Documents\Git\IA_Evolutive\LibAI\EvolutiveAI\Debug\EvolutiveAI.lib" /MACHINE:X86 /DLL Debug\Action.obj
         Debug\ActionTree.obj
         Debug\Consequence.obj
         Debug\Decision.obj
         Debug\monde.obj
         Debug\Objectifs.obj
         Debug\Objets.obj
         Debug\Types.obj
         EvolutiveAI.vcxproj -> C:\Users\Thomas\Documents\Git\IA_Evolutive\LibAI\EvolutiveAI\Debug\EvolutiveAI.dll
     1>Génération du projet "C:\Users\Thomas\Documents\Git\IA_Evolutive\LibAI\EvolutiveAI\EvolutiveAI\EvolutiveAI.vcxproj" terminée (Rebuild cible(s)).

La génération a réussi.

Temps écoulé 00:00:20.96
